2022-07-23 14:07:111 INFO  ManageDriver :33 - Launching Chrome Browser
2022-07-23 14:07:635 INFO  HomePage1 :33 - Clicking on start accept cookies[[ChromeDriver: chrome on WINDOWS (22c03265adc92c40a56a3bec3b8b8da0)] -> xpath: //button[@id='nhsuk-cookie-banner__link_accept_analytics']]
2022-07-23 14:07:890 INFO  HomePage1 :38 - Clicking on start Button[[ChromeDriver: chrome on WINDOWS (22c03265adc92c40a56a3bec3b8b8da0)] -> xpath: //input[@id='next-button']]
2022-07-23 14:07:938 INFO  CountryPage2 :29 - Clicking on wales[[ChromeDriver: chrome on WINDOWS (22c03265adc92c40a56a3bec3b8b8da0)] -> xpath: //input[@id='radio-wales']]
2022-07-23 14:07:194 INFO  CountryPage2 :34 - Clicking on next[[ChromeDriver: chrome on WINDOWS (22c03265adc92c40a56a3bec3b8b8da0)] -> xpath: //input[@id='next-button']]
2022-07-23 14:07:238 INFO  GpPracticePage3 :25 - Clicking on yes [[ChromeDriver: chrome on WINDOWS (22c03265adc92c40a56a3bec3b8b8da0)] -> xpath: //input[@id='radio-yes']]
2022-07-23 14:07:497 INFO  GpPracticePage3 :30 - Clicking on next [[ChromeDriver: chrome on WINDOWS (22c03265adc92c40a56a3bec3b8b8da0)] -> xpath: //input[@id='next-button']]
2022-07-23 14:07:545 INFO  DentalPracticePage4 :26 - Clicking on wales  [[ChromeDriver: chrome on WINDOWS (22c03265adc92c40a56a3bec3b8b8da0)] -> xpath: //input[@id='radio-wales']]
2022-07-23 14:07:808 INFO  DentalPracticePage4 :31 - Clicking on next [[ChromeDriver: chrome on WINDOWS (22c03265adc92c40a56a3bec3b8b8da0)] -> xpath: //input[@id='next-button']]
2022-07-23 14:07:814 INFO  DateOfBirthPage5 :31 - Enter date 1 to date field 1
2022-07-23 14:07:888 INFO  DateOfBirthPage5 :36 - Enter month 02 to Month field [[ChromeDriver: chrome on WINDOWS (22c03265adc92c40a56a3bec3b8b8da0)] -> xpath: //input[@id='dob-month']]
2022-07-23 14:07:946 INFO  DateOfBirthPage5 :41 - Enter Year 2000 to Year  field [[ChromeDriver: chrome on WINDOWS (22c03265adc92c40a56a3bec3b8b8da0)] -> xpath: //input[@id='dob-year']]
2022-07-23 14:07:242 INFO  DateOfBirthPage5 :47 - Clicking on next [[ChromeDriver: chrome on WINDOWS (22c03265adc92c40a56a3bec3b8b8da0)] -> xpath: //input[@id='next-button']]
2022-07-23 14:07:290 INFO  PartnerPage6 :27 - Clicking on my yes [[ChromeDriver: chrome on WINDOWS (22c03265adc92c40a56a3bec3b8b8da0)] -> xpath: //input[@id='radio-yes']]
2022-07-23 14:07:559 INFO  PartnerPage6 :32 - Clicking on next [[ChromeDriver: chrome on WINDOWS (22c03265adc92c40a56a3bec3b8b8da0)] -> xpath: //input[@id='next-button']]
2022-07-23 14:07:614 INFO  TexCreditPage7 :26 - Clicking on no [[ChromeDriver: chrome on WINDOWS (22c03265adc92c40a56a3bec3b8b8da0)] -> xpath: //input[@id='radio-no']]
2022-07-23 14:07:889 INFO  TexCreditPage7 :30 - Clicking on next [[ChromeDriver: chrome on WINDOWS (22c03265adc92c40a56a3bec3b8b8da0)] -> xpath: //input[@id='next-button']]
2022-07-23 14:07:939 INFO  BirthPage8 :28 - Clicking on no [[ChromeDriver: chrome on WINDOWS (22c03265adc92c40a56a3bec3b8b8da0)] -> xpath: //input[@id='radio-no']]
2022-07-23 14:07:200 INFO  BirthPage8 :32 - Clicking on next [[ChromeDriver: chrome on WINDOWS (22c03265adc92c40a56a3bec3b8b8da0)] -> xpath: //input[@id='next-button']]
2022-07-23 14:07:254 INFO  ArmedForcesPage9 :28 - Clicking on no [[ChromeDriver: chrome on WINDOWS (22c03265adc92c40a56a3bec3b8b8da0)] -> xpath: //input[@id='radio-no']]
2022-07-23 14:07:517 INFO  ArmedForcesPage9 :32 - Clicking on next [[ChromeDriver: chrome on WINDOWS (22c03265adc92c40a56a3bec3b8b8da0)] -> xpath: //input[@id='next-button']]
2022-07-23 14:07:566 INFO  DiabetesPage10 :26 - Clicking on no [[ChromeDriver: chrome on WINDOWS (22c03265adc92c40a56a3bec3b8b8da0)] -> xpath: //input[@id='radio-no']]
2022-07-23 14:07:810 INFO  DiabetesPage10 :30 - Clicking on next [[ChromeDriver: chrome on WINDOWS (22c03265adc92c40a56a3bec3b8b8da0)] -> xpath: //input[@id='next-button']]
2022-07-23 14:07:854 INFO  GlaucomaPage11 :26 - Clicking on no [[ChromeDriver: chrome on WINDOWS (22c03265adc92c40a56a3bec3b8b8da0)] -> xpath: //input[@id='radio-no']]
2022-07-23 14:07:118 INFO  GlaucomaPage11 :30 - Clicking on next [[ChromeDriver: chrome on WINDOWS (22c03265adc92c40a56a3bec3b8b8da0)] -> xpath: //input[@id='next-button']]
2022-07-23 14:07:168 INFO  PermenentelyCareHome12 :28 - Clicking on no [[ChromeDriver: chrome on WINDOWS (22c03265adc92c40a56a3bec3b8b8da0)] -> xpath: //input[@id='radio-no']]
2022-07-23 14:07:457 INFO  PermenentelyCareHome12 :32 - Clicking on next [[ChromeDriver: chrome on WINDOWS (22c03265adc92c40a56a3bec3b8b8da0)] -> xpath: //input[@id='next-button']]
2022-07-23 14:07:507 INFO  SavingsPage13 :27 - Clicking on no [[ChromeDriver: chrome on WINDOWS (22c03265adc92c40a56a3bec3b8b8da0)] -> xpath: //input[@id='radio-yes']]
2022-07-23 14:07:541 INFO  SavingsPage13 :27 - Clicking on no [[ChromeDriver: chrome on WINDOWS (22c03265adc92c40a56a3bec3b8b8da0)] -> xpath: //input[@id='radio-yes']]
2022-07-23 14:07:570 INFO  NhsCostsPage14 :22 - Verify Text displaye on page Proxy element for: DefaultElementLocator 'By.xpath: //h1[@id='result-heading']'
2022-07-23 14:07:104 INFO  ManageDriver :33 - Launching Chrome Browser
2022-07-23 14:07:911 INFO  HomePage1 :33 - Clicking on start accept cookies[[ChromeDriver: chrome on WINDOWS (234f7577b7aeccf5b13daea7112f7d13)] -> xpath: //button[@id='nhsuk-cookie-banner__link_accept_analytics']]
2022-07-23 14:07:191 INFO  HomePage1 :38 - Clicking on start Button[[ChromeDriver: chrome on WINDOWS (234f7577b7aeccf5b13daea7112f7d13)] -> xpath: //input[@id='next-button']]
2022-07-23 14:07:249 INFO  CountryPage2 :29 - Clicking on wales[[ChromeDriver: chrome on WINDOWS (234f7577b7aeccf5b13daea7112f7d13)] -> xpath: //input[@id='radio-wales']]
2022-07-23 14:07:509 INFO  CountryPage2 :34 - Clicking on next[[ChromeDriver: chrome on WINDOWS (234f7577b7aeccf5b13daea7112f7d13)] -> xpath: //input[@id='next-button']]
2022-07-23 14:07:554 INFO  GpPracticePage3 :25 - Clicking on yes [[ChromeDriver: chrome on WINDOWS (234f7577b7aeccf5b13daea7112f7d13)] -> xpath: //input[@id='radio-yes']]
2022-07-23 14:07:804 INFO  GpPracticePage3 :30 - Clicking on next [[ChromeDriver: chrome on WINDOWS (234f7577b7aeccf5b13daea7112f7d13)] -> xpath: //input[@id='next-button']]
2022-07-23 14:07:844 INFO  DentalPracticePage4 :26 - Clicking on wales  [[ChromeDriver: chrome on WINDOWS (234f7577b7aeccf5b13daea7112f7d13)] -> xpath: //input[@id='radio-wales']]
2022-07-23 14:07:97 INFO  DentalPracticePage4 :31 - Clicking on next [[ChromeDriver: chrome on WINDOWS (234f7577b7aeccf5b13daea7112f7d13)] -> xpath: //input[@id='next-button']]
2022-07-23 14:07:104 INFO  DateOfBirthPage5 :31 - Enter date 1 to date field 1
2022-07-23 14:07:170 INFO  DateOfBirthPage5 :36 - Enter month 02 to Month field [[ChromeDriver: chrome on WINDOWS (234f7577b7aeccf5b13daea7112f7d13)] -> xpath: //input[@id='dob-month']]
2022-07-23 14:07:218 INFO  DateOfBirthPage5 :41 - Enter Year 2000 to Year  field [[ChromeDriver: chrome on WINDOWS (234f7577b7aeccf5b13daea7112f7d13)] -> xpath: //input[@id='dob-year']]
2022-07-23 14:07:522 INFO  DateOfBirthPage5 :47 - Clicking on next [[ChromeDriver: chrome on WINDOWS (234f7577b7aeccf5b13daea7112f7d13)] -> xpath: //input[@id='next-button']]
2022-07-23 14:07:570 INFO  PartnerPage6 :27 - Clicking on my yes [[ChromeDriver: chrome on WINDOWS (234f7577b7aeccf5b13daea7112f7d13)] -> xpath: //input[@id='radio-yes']]
2022-07-23 14:07:827 INFO  PartnerPage6 :32 - Clicking on next [[ChromeDriver: chrome on WINDOWS (234f7577b7aeccf5b13daea7112f7d13)] -> xpath: //input[@id='next-button']]
2022-07-23 14:07:884 INFO  TexCreditPage7 :26 - Clicking on no [[ChromeDriver: chrome on WINDOWS (234f7577b7aeccf5b13daea7112f7d13)] -> xpath: //input[@id='radio-no']]
2022-07-23 14:07:149 INFO  TexCreditPage7 :30 - Clicking on next [[ChromeDriver: chrome on WINDOWS (234f7577b7aeccf5b13daea7112f7d13)] -> xpath: //input[@id='next-button']]
2022-07-23 14:07:199 INFO  BirthPage8 :28 - Clicking on no [[ChromeDriver: chrome on WINDOWS (234f7577b7aeccf5b13daea7112f7d13)] -> xpath: //input[@id='radio-no']]
2022-07-23 14:07:455 INFO  BirthPage8 :32 - Clicking on next [[ChromeDriver: chrome on WINDOWS (234f7577b7aeccf5b13daea7112f7d13)] -> xpath: //input[@id='next-button']]
2022-07-23 14:07:505 INFO  ArmedForcesPage9 :28 - Clicking on no [[ChromeDriver: chrome on WINDOWS (234f7577b7aeccf5b13daea7112f7d13)] -> xpath: //input[@id='radio-no']]
2022-07-23 14:07:780 INFO  ArmedForcesPage9 :32 - Clicking on next [[ChromeDriver: chrome on WINDOWS (234f7577b7aeccf5b13daea7112f7d13)] -> xpath: //input[@id='next-button']]
2022-07-23 14:07:833 INFO  DiabetesPage10 :26 - Clicking on no [[ChromeDriver: chrome on WINDOWS (234f7577b7aeccf5b13daea7112f7d13)] -> xpath: //input[@id='radio-no']]
2022-07-23 14:07:110 INFO  DiabetesPage10 :30 - Clicking on next [[ChromeDriver: chrome on WINDOWS (234f7577b7aeccf5b13daea7112f7d13)] -> xpath: //input[@id='next-button']]
2022-07-23 14:07:158 INFO  GlaucomaPage11 :26 - Clicking on no [[ChromeDriver: chrome on WINDOWS (234f7577b7aeccf5b13daea7112f7d13)] -> xpath: //input[@id='radio-no']]
2022-07-23 14:07:428 INFO  GlaucomaPage11 :30 - Clicking on next [[ChromeDriver: chrome on WINDOWS (234f7577b7aeccf5b13daea7112f7d13)] -> xpath: //input[@id='next-button']]
2022-07-23 14:07:476 INFO  PermenentelyCareHome12 :28 - Clicking on no [[ChromeDriver: chrome on WINDOWS (234f7577b7aeccf5b13daea7112f7d13)] -> xpath: //input[@id='radio-no']]
2022-07-23 14:07:747 INFO  PermenentelyCareHome12 :32 - Clicking on next [[ChromeDriver: chrome on WINDOWS (234f7577b7aeccf5b13daea7112f7d13)] -> xpath: //input[@id='next-button']]
2022-07-23 14:07:797 INFO  SavingsPage13 :27 - Clicking on no [[ChromeDriver: chrome on WINDOWS (234f7577b7aeccf5b13daea7112f7d13)] -> xpath: //input[@id='radio-yes']]
2022-07-23 14:07:58 INFO  SavingsPage13 :31 - Clicking on next [[ChromeDriver: chrome on WINDOWS (234f7577b7aeccf5b13daea7112f7d13)] -> xpath: //input[@class='button']]
2022-07-23 14:07:75 INFO  NhsCostsPage14 :22 - Verify Text displaye on page [[ChromeDriver: chrome on WINDOWS (234f7577b7aeccf5b13daea7112f7d13)] -> xpath: //h1[@id='result-heading']]
